<component name="libraryTable">
  <library name="junit-4.13.1">
    <CLASSES>
      <root url="jar://$PROJECT_DIR$/web/WEB-INF/lib/junit-4.13.1.jar!/" />
      <root url="jar://$PROJECT_DIR$/web/WEB-INF/lib/mchange-commons-java-0.2.11.jar!/" />
      <root url="jar://$PROJECT_DIR$/web/WEB-INF/lib/mysql-connector-java-8.0.30.jar!/" />
      <root url="jar://$PROJECT_DIR$/web/WEB-INF/lib/taglibs-standard-jstlel-1.2.5.jar!/" />
    </CLASSES>
    <JAVADOC />
    <SOURCES />
  </library>
</component>